<?xml version="1.0" encoding="UTF-8"?>
<testng-results skipped="0" failed="0" ignored="0" total="1" passed="1">
  <reporter-output>
  </reporter-output>
  <suite name="Default suite" duration-ms="2198" started-at="2022-03-15T05:48:42Z" finished-at="2022-03-15T05:48:44Z">
    <groups>
    </groups>
    <test name="Default test" duration-ms="2198" started-at="2022-03-15T05:48:42Z" finished-at="2022-03-15T05:48:44Z">
      <class name="testCases.ReadAllProducts">
        <test-method status="PASS" signature="read_All_Product()[pri:0, instance:testCases.ReadAllProducts@78aab498]" name="read_All_Product" duration-ms="2177" started-at="2022-03-15T05:48:42Z" finished-at="2022-03-15T05:48:44Z">
          <reporter-output>
          </reporter-output>
        </test-method> <!-- read_All_Product -->
      </class> <!-- testCases.ReadAllProducts -->
    </test> <!-- Default test -->
  </suite> <!-- Default suite -->
</testng-results>
